[2021-11-22 17:23:12.475] [exthost] [info] Extension host with pid 161 started
[2021-11-22 17:23:12.486] [exthost] [error] Error: EEXIST: file already exists, open '/home/prakash/.vscode-server/data/User/workspaceStorage/f007d33e9f13ad65ecf69e12c80de61a/vscode.lock'
[2021-11-22 17:23:12.523] [exthost] [info] Lock '/home/prakash/.vscode-server/data/User/workspaceStorage/f007d33e9f13ad65ecf69e12c80de61a/vscode.lock': Could not acquire lock, checking if the file is stale.
[2021-11-22 17:23:12.524] [exthost] [info] Lock '/home/prakash/.vscode-server/data/User/workspaceStorage/f007d33e9f13ad65ecf69e12c80de61a/vscode.lock': The pid 119 appears to be gone.
[2021-11-22 17:23:12.551] [exthost] [info] Lock '/home/prakash/.vscode-server/data/User/workspaceStorage/f007d33e9f13ad65ecf69e12c80de61a/vscode.lock': Deleting a stale lock.
[2021-11-22 17:23:12.578] [exthost] [info] ExtensionService#_doActivateExtension vscode.debug-auto-launch, startup: true, activationEvent: '*'
[2021-11-22 17:23:12.750] [exthost] [info] ExtensionService#_doActivateExtension vscode.git, startup: true, activationEvent: '*', root cause: vscode.github
[2021-11-22 17:23:13.479] [exthost] [info] Lock '/home/prakash/.vscode-server/data/User/workspaceStorage/f007d33e9f13ad65ecf69e12c80de61a/vscode.lock': Lock acquired.
[2021-11-22 17:23:21.264] [exthost] [info] ExtensionService#_doActivateExtension vscode.github, startup: true, activationEvent: '*'
[2021-11-22 17:23:25.865] [exthost] [info] ExtensionService#_doActivateExtension vscode.merge-conflict, startup: false, activationEvent: 'onStartupFinished'
[2021-11-22 17:23:25.954] [exthost] [info] ExtensionService#_doActivateExtension formulahendry.code-runner, startup: false, activationEvent: 'onStartupFinished'
[2021-11-22 17:23:39.884] [exthost] [info] Eager extensions activated
[2021-11-22 17:33:25.661] [exthost] [info] ExtensionService#_doActivateExtension ms-python.python, startup: false, activationEvent: 'onLanguage:python', root cause: ms-python.vscode-pylance
[2021-11-22 17:33:26.418] [exthost] [info] ExtensionService#_doActivateExtension ms-toolsai.jupyter, startup: false, activationEvent: 'onLanguage:python'
[2021-11-22 17:33:27.572] [exthost] [info] ExtensionService#_doActivateExtension ms-toolsai.jupyter-renderers, startup: false, activationEvent: 'api', root cause: ms-toolsai.jupyter
[2021-11-22 17:33:29.641] [exthost] [info] ExtensionService#_doActivateExtension ms-python.vscode-pylance, startup: false, activationEvent: 'onLanguage:python'
[2021-11-22 17:33:53.388] [exthost] [error] [ms-python.python] provider FAILED
[2021-11-22 17:33:53.389] [exthost] [error] Canceled: Canceled
	at S.makeCancelError (/home/prakash/.vscode-server/extensions/ms-python.python-2021.11.1422169775/out/client/extension.js:9:151015)
	at S.handleFailedRequest (/home/prakash/.vscode-server/extensions/ms-python.python-2021.11.1422169775/out/client/extension.js:9:150866)
	at /home/prakash/.vscode-server/extensions/ms-python.python-2021.11.1422169775/out/client/extension.js:9:115854
	at async s.provideDocumentSymbols (/home/prakash/.vscode-server/bin/3a6960b964327f0e3882ce18fcebd07ed191b316/out/vs/server/remoteExtensionHostProcess.js:94:167312)
[2021-11-22 17:33:53.393] [exthost] [error] [ms-python.python] provider FAILED
[2021-11-22 17:33:53.393] [exthost] [error] Canceled: Canceled
	at S.makeCancelError (/home/prakash/.vscode-server/extensions/ms-python.python-2021.11.1422169775/out/client/extension.js:9:151015)
	at S.handleFailedRequest (/home/prakash/.vscode-server/extensions/ms-python.python-2021.11.1422169775/out/client/extension.js:9:150866)
	at /home/prakash/.vscode-server/extensions/ms-python.python-2021.11.1422169775/out/client/extension.js:9:118727
	at async T.provideCodeActions (/home/prakash/.vscode-server/bin/3a6960b964327f0e3882ce18fcebd07ed191b316/out/vs/server/remoteExtensionHostProcess.js:94:172824)
[2021-11-22 17:33:53.406] [exthost] [error] [ms-python.python] provider FAILED
[2021-11-22 17:33:53.406] [exthost] [error] Canceled: Canceled
	at S.makeCancelError (/home/prakash/.vscode-server/extensions/ms-python.python-2021.11.1422169775/out/client/extension.js:9:151015)
	at S.handleFailedRequest (/home/prakash/.vscode-server/extensions/ms-python.python-2021.11.1422169775/out/client/extension.js:9:150866)
	at /home/prakash/.vscode-server/extensions/ms-python.python-2021.11.1422169775/out/client/extension.js:52:335369
	at async U.provideDocumentRangeSemanticTokens (/home/prakash/.vscode-server/bin/3a6960b964327f0e3882ce18fcebd07ed191b316/out/vs/server/remoteExtensionHostProcess.js:94:180425)
[2021-11-22 17:33:53.414] [exthost] [error] [ms-python.python] provider FAILED
[2021-11-22 17:33:53.414] [exthost] [error] Canceled: Canceled
	at S.makeCancelError (/home/prakash/.vscode-server/extensions/ms-python.python-2021.11.1422169775/out/client/extension.js:9:151015)
	at S.handleFailedRequest (/home/prakash/.vscode-server/extensions/ms-python.python-2021.11.1422169775/out/client/extension.js:9:150866)
	at /home/prakash/.vscode-server/extensions/ms-python.python-2021.11.1422169775/out/client/extension.js:9:115854
	at async s.provideDocumentSymbols (/home/prakash/.vscode-server/bin/3a6960b964327f0e3882ce18fcebd07ed191b316/out/vs/server/remoteExtensionHostProcess.js:94:167312)
[2021-11-22 17:33:53.420] [exthost] [error] [ms-python.python] provider FAILED
[2021-11-22 17:33:53.421] [exthost] [error] Canceled: Canceled
	at S.makeCancelError (/home/prakash/.vscode-server/extensions/ms-python.python-2021.11.1422169775/out/client/extension.js:9:151015)
	at S.handleFailedRequest (/home/prakash/.vscode-server/extensions/ms-python.python-2021.11.1422169775/out/client/extension.js:9:150866)
	at /home/prakash/.vscode-server/extensions/ms-python.python-2021.11.1422169775/out/client/extension.js:9:110020
	at async x.provideCompletionItems (/home/prakash/.vscode-server/bin/3a6960b964327f0e3882ce18fcebd07ed191b316/out/vs/server/remoteExtensionHostProcess.js:94:181124)
[2021-11-22 17:33:53.436] [exthost] [error] [ms-python.python] provider FAILED
[2021-11-22 17:33:53.436] [exthost] [error] Canceled: Canceled
	at S.makeCancelError (/home/prakash/.vscode-server/extensions/ms-python.python-2021.11.1422169775/out/client/extension.js:9:151015)
	at S.handleFailedRequest (/home/prakash/.vscode-server/extensions/ms-python.python-2021.11.1422169775/out/client/extension.js:9:150866)
	at /home/prakash/.vscode-server/extensions/ms-python.python-2021.11.1422169775/out/client/extension.js:52:335369
	at async U.provideDocumentRangeSemanticTokens (/home/prakash/.vscode-server/bin/3a6960b964327f0e3882ce18fcebd07ed191b316/out/vs/server/remoteExtensionHostProcess.js:94:180425)
[2021-11-22 17:33:53.795] [exthost] [error] [ms-python.python] provider FAILED
[2021-11-22 17:33:53.795] [exthost] [error] Canceled: Canceled
	at S.makeCancelError (/home/prakash/.vscode-server/extensions/ms-python.python-2021.11.1422169775/out/client/extension.js:9:151015)
	at S.handleFailedRequest (/home/prakash/.vscode-server/extensions/ms-python.python-2021.11.1422169775/out/client/extension.js:9:150866)
	at /home/prakash/.vscode-server/extensions/ms-python.python-2021.11.1422169775/out/client/extension.js:9:118727
	at async T.provideCodeActions (/home/prakash/.vscode-server/bin/3a6960b964327f0e3882ce18fcebd07ed191b316/out/vs/server/remoteExtensionHostProcess.js:94:172824)
[2021-11-22 17:33:53.810] [exthost] [error] [ms-python.python] provider FAILED
[2021-11-22 17:33:53.811] [exthost] [error] Canceled: Canceled
	at S.makeCancelError (/home/prakash/.vscode-server/extensions/ms-python.python-2021.11.1422169775/out/client/extension.js:9:151015)
	at S.handleFailedRequest (/home/prakash/.vscode-server/extensions/ms-python.python-2021.11.1422169775/out/client/extension.js:9:150866)
	at /home/prakash/.vscode-server/extensions/ms-python.python-2021.11.1422169775/out/client/extension.js:52:335369
	at async U.provideDocumentRangeSemanticTokens (/home/prakash/.vscode-server/bin/3a6960b964327f0e3882ce18fcebd07ed191b316/out/vs/server/remoteExtensionHostProcess.js:94:180425)
[2021-11-22 17:33:53.826] [exthost] [error] [ms-python.python] provider FAILED
[2021-11-22 17:33:53.826] [exthost] [error] Canceled: Canceled
	at S.makeCancelError (/home/prakash/.vscode-server/extensions/ms-python.python-2021.11.1422169775/out/client/extension.js:9:151015)
	at S.handleFailedRequest (/home/prakash/.vscode-server/extensions/ms-python.python-2021.11.1422169775/out/client/extension.js:9:150866)
	at /home/prakash/.vscode-server/extensions/ms-python.python-2021.11.1422169775/out/client/extension.js:9:118727
	at async T.provideCodeActions (/home/prakash/.vscode-server/bin/3a6960b964327f0e3882ce18fcebd07ed191b316/out/vs/server/remoteExtensionHostProcess.js:94:172824)
[2021-11-22 17:34:11.251] [exthost] [error] [ms-python.python] provider FAILED
[2021-11-22 17:34:11.251] [exthost] [error] TypeError: Cannot read property 'length' of undefined
	at /home/prakash/.vscode-server/extensions/ms-python.python-2021.11.1422169775/out/client/extension.js:52:353150
	at h (/home/prakash/.vscode-server/extensions/ms-python.python-2021.11.1422169775/out/client/extension.js:52:358146)
	at async x.provideCompletionItems (/home/prakash/.vscode-server/bin/3a6960b964327f0e3882ce18fcebd07ed191b316/out/vs/server/remoteExtensionHostProcess.js:94:181124)
[2021-11-22 17:34:19.458] [exthost] [warning] ms-python.python - Code actions of kind 'quickfix 'requested but returned code action is of kind 'refactor.extract'. Code action will be dropped. Please check 'CodeActionContext.only' to only return requested code actions.
[2021-11-22 17:34:19.458] [exthost] [warning] ms-python.python - Code actions of kind 'quickfix 'requested but returned code action is of kind 'refactor.extract'. Code action will be dropped. Please check 'CodeActionContext.only' to only return requested code actions.
[2021-11-22 17:35:10.274] [exthost] [warning] ms-python.python - Code actions of kind 'quickfix 'requested but returned code action is of kind 'refactor.extract'. Code action will be dropped. Please check 'CodeActionContext.only' to only return requested code actions.
[2021-11-22 17:35:10.276] [exthost] [warning] ms-python.python - Code actions of kind 'quickfix 'requested but returned code action is of kind 'refactor.extract'. Code action will be dropped. Please check 'CodeActionContext.only' to only return requested code actions.
[2021-11-22 17:35:12.214] [exthost] [warning] ms-python.python - Code actions of kind 'quickfix 'requested but returned code action is of kind 'refactor.extract'. Code action will be dropped. Please check 'CodeActionContext.only' to only return requested code actions.
[2021-11-22 17:35:12.214] [exthost] [warning] ms-python.python - Code actions of kind 'quickfix 'requested but returned code action is of kind 'refactor.extract'. Code action will be dropped. Please check 'CodeActionContext.only' to only return requested code actions.
[2021-11-22 17:35:43.080] [exthost] [error] [ms-python.python] provider FAILED
[2021-11-22 17:35:43.080] [exthost] [error] Canceled: Canceled
	at S.makeCancelError (/home/prakash/.vscode-server/extensions/ms-python.python-2021.11.1422169775/out/client/extension.js:9:151015)
	at S.handleFailedRequest (/home/prakash/.vscode-server/extensions/ms-python.python-2021.11.1422169775/out/client/extension.js:9:150866)
	at /home/prakash/.vscode-server/extensions/ms-python.python-2021.11.1422169775/out/client/extension.js:9:118727
	at async T.provideCodeActions (/home/prakash/.vscode-server/bin/3a6960b964327f0e3882ce18fcebd07ed191b316/out/vs/server/remoteExtensionHostProcess.js:94:172824)
[2021-11-22 17:35:46.066] [exthost] [warning] ms-python.python - Code actions of kind 'quickfix 'requested but returned code action is of kind 'refactor.extract'. Code action will be dropped. Please check 'CodeActionContext.only' to only return requested code actions.
[2021-11-22 17:35:46.066] [exthost] [warning] ms-python.python - Code actions of kind 'quickfix 'requested but returned code action is of kind 'refactor.extract'. Code action will be dropped. Please check 'CodeActionContext.only' to only return requested code actions.
[2021-11-22 17:36:17.229] [exthost] [warning] ms-python.python - Code actions of kind 'quickfix 'requested but returned code action is of kind 'refactor.extract'. Code action will be dropped. Please check 'CodeActionContext.only' to only return requested code actions.
[2021-11-22 17:36:17.229] [exthost] [warning] ms-python.python - Code actions of kind 'quickfix 'requested but returned code action is of kind 'refactor.extract'. Code action will be dropped. Please check 'CodeActionContext.only' to only return requested code actions.
[2021-11-22 17:36:34.388] [exthost] [warning] ms-python.python - Code actions of kind 'quickfix 'requested but returned code action is of kind 'refactor.extract'. Code action will be dropped. Please check 'CodeActionContext.only' to only return requested code actions.
[2021-11-22 17:36:34.388] [exthost] [warning] ms-python.python - Code actions of kind 'quickfix 'requested but returned code action is of kind 'refactor.extract'. Code action will be dropped. Please check 'CodeActionContext.only' to only return requested code actions.
[2021-11-22 17:37:38.570] [exthost] [info] ExtensionService#_doActivateExtension vscode.debug-server-ready, startup: false, activationEvent: 'onDebugResolve'
[2021-11-22 19:46:53.495] [exthost] [info] extension host terminating: received terminate message from renderer
[2021-11-22 19:46:53.499] [exthost] [info] Lock '/home/prakash/.vscode-server/data/User/workspaceStorage/f007d33e9f13ad65ecf69e12c80de61a/vscode.lock': Marking the lockfile as scheduled to be released in 6000 ms.
[2021-11-22 19:46:55.316] [exthost] [info] Extension host with pid 161 exiting with code 0
