Info 2021-11-22 17:33:27: Experimentation service retrieved: [object Object]
User belongs to experiment group 'jupyterTestcf'
User belongs to experiment group 'jupyterEnhancedDataViewer'
Info 2021-11-22 17:33:27: ZMQ install verified.
Info 2021-11-22 17:33:30: Experiment status for python is {"enabled":true,"optInto":[],"optOutFrom":[]}
Info 2021-11-22 17:33:34: Process Execution: > /bin/python3 -c "import jupyter"
> /bin/python3 -c "import jupyter"
Info 2021-11-22 17:33:34: Process Execution: > /bin/python3 -c "import jupyter"
> /bin/python3 -c "import jupyter"
Info 2021-11-22 17:33:34: Process Execution: > /bin/python3 -c "import notebook"
> /bin/python3 -c "import notebook"
Info 2021-11-22 17:33:34: Process Execution: > /bin/python3 -c "import notebook"
> /bin/python3 -c "import notebook"
Info 2021-11-22 17:33:35: Process Execution: > /bin/python3 -m pip list
> /bin/python3 -m pip list
Info 2021-11-22 17:33:35: Process Execution: > /bin/python3 -m pip list
> /bin/python3 -m pip list
Info 2021-11-22 17:33:37: Process Execution: > /bin/python3 -c "import pip"
> /bin/python3 -c "import pip"
Info 2021-11-22 17:33:37: Process Execution: > /bin/python3 -c "import pip"
> /bin/python3 -c "import pip"
Info 2021-11-22 19:46:53: Shutting down notebooks for 75495e2c-e68a-4929-b89d-31031c0d5f37
Info 2021-11-22 19:46:53: Disposing HostJupyterExecution b8eb4326-9707-475c-aa36-b79a10998276
Info 2021-11-22 19:46:53: Disposing super HostJupyterExecution b8eb4326-9707-475c-aa36-b79a10998276
Info 2021-11-22 19:46:53: Disposing HostJupyterExecution b8eb4326-9707-475c-aa36-b79a10998276
Info 2021-11-22 19:46:53: Finished disposing HostJupyterExecution  b8eb4326-9707-475c-aa36-b79a10998276
Info 2021-11-22 19:46:53: Cleaning up server cache b8eb4326-9707-475c-aa36-b79a10998276
Info 2021-11-22 19:46:53: Finished disposing HostJupyterExecution  b8eb4326-9707-475c-aa36-b79a10998276
