Info 2021-11-17 18:11:10: Experimentation service retrieved: [object Object]
User belongs to experiment group 'jupyterTestcf'
User belongs to experiment group 'jupyterEnhancedDataViewer'
Info 2021-11-17 18:11:11: ZMQ install verified.
Info 2021-11-17 18:11:19: Experiment status for python is {"enabled":true,"optInto":[],"optOutFrom":[]}
Info 2021-11-17 18:11:56: Process Execution: > /bin/python3 -m pip list
> /bin/python3 -m pip list
Info 2021-11-17 18:11:56: Process Execution: > /bin/python3 -m pip list
> /bin/python3 -m pip list
Info 2021-11-17 18:11:58: Process Execution: > /bin/python3 -c "import jupyter"
> /bin/python3 -c "import jupyter"
Info 2021-11-17 18:11:58: Process Execution: > /bin/python3 -c "import jupyter"
> /bin/python3 -c "import jupyter"
Info 2021-11-17 18:12:03: Process Execution: > /bin/python3 -c "import notebook"
> /bin/python3 -c "import notebook"
Info 2021-11-17 18:12:03: Process Execution: > /bin/python3 -c "import notebook"
> /bin/python3 -c "import notebook"
Info 2021-11-17 18:12:08: Process Execution: > /bin/python3 -c "import pip"
> /bin/python3 -c "import pip"
Info 2021-11-17 18:12:08: Process Execution: > /bin/python3 -c "import pip"
> /bin/python3 -c "import pip"
